[1111/232509:ERROR:process_info.cc(608)] range at 0x50b2411200000000, size 0x216 fully unreadable
[1111/232509:ERROR:process_info.cc(608)] range at 0x50b2413200000000, size 0x216 fully unreadable
[1111/232509:ERROR:process_info.cc(608)] range at 0x0, size 0x216 fully unreadable
[1111/232509:WARNING:in_range_cast.h(38)] value 2294867393428 out of range
[1111/232509:WARNING:in_range_cast.h(38)] value 2294867395014 out of range
[1111/232509:WARNING:in_range_cast.h(38)] value 2294867395354 out of range
[1111/232509:WARNING:in_range_cast.h(38)] value 2294867392086 out of range
[1111/232509:WARNING:in_range_cast.h(38)] value 2294867392296 out of range
[1111/232509:WARNING:in_range_cast.h(38)] value 2294867393354 out of range
[1111/232510:ERROR:process_info.cc(608)] range at 0xe58c428200000000, size 0x20b fully unreadable
[1111/232510:ERROR:process_info.cc(608)] range at 0xe58c42a200000000, size 0x20b fully unreadable
[1111/232510:ERROR:process_info.cc(608)] range at 0x0, size 0x20b fully unreadable
[1111/232510:WARNING:in_range_cast.h(38)] value 2250120068068 out of range
[1111/232510:WARNING:in_range_cast.h(38)] value 2250120069654 out of range
[1111/232510:WARNING:in_range_cast.h(38)] value 2250120069994 out of range
[1111/232510:WARNING:in_range_cast.h(38)] value 2250120066550 out of range
[1111/232510:WARNING:in_range_cast.h(38)] value 2250120066760 out of range
[1111/232510:WARNING:in_range_cast.h(38)] value 2250120067994 out of range
[1111/232510:ERROR:process_info.cc(608)] range at 0x104c428200000000, size 0x112 fully unreadable
[1111/232510:ERROR:process_info.cc(608)] range at 0x104c42a200000000, size 0x112 fully unreadable
[1111/232510:ERROR:process_info.cc(608)] range at 0x0, size 0x112 fully unreadable
[1111/232510:WARNING:in_range_cast.h(38)] value 1177095469204 out of range
[1111/232510:WARNING:in_range_cast.h(38)] value 1177095470790 out of range
[1111/232510:WARNING:in_range_cast.h(38)] value 1177095471130 out of range
[1111/232510:WARNING:in_range_cast.h(38)] value 1177095467686 out of range
[1111/232510:WARNING:in_range_cast.h(38)] value 1177095467896 out of range
[1111/232510:WARNING:in_range_cast.h(38)] value 1177095469130 out of range
[1112/161400:ERROR:process_info.cc(608)] range at 0xbd1f411200000000, size 0x127 fully unreadable
[1112/161400:ERROR:process_info.cc(608)] range at 0xbd1f413200000000, size 0x127 fully unreadable
[1112/161400:ERROR:process_info.cc(608)] range at 0x0, size 0x127 fully unreadable
[1112/161400:WARNING:in_range_cast.h(38)] value 1270189295030 out of range
[1112/161400:WARNING:in_range_cast.h(38)] value 1270189296616 out of range
[1112/161400:WARNING:in_range_cast.h(38)] value 1270189296956 out of range
[1112/161400:WARNING:in_range_cast.h(38)] value 1270189293686 out of range
[1112/161400:WARNING:in_range_cast.h(38)] value 1270189293898 out of range
[1112/161400:WARNING:in_range_cast.h(38)] value 1270189294956 out of range
[1112/161401:ERROR:process_info.cc(608)] range at 0x8c0b426e00000000, size 0x153 fully unreadable
[1112/161401:ERROR:process_info.cc(608)] range at 0x8c0b428e00000000, size 0x153 fully unreadable
[1112/161401:ERROR:process_info.cc(608)] range at 0x0, size 0x153 fully unreadable
[1112/161401:WARNING:in_range_cast.h(38)] value 1458344441606 out of range
[1112/161401:WARNING:in_range_cast.h(38)] value 1458344443192 out of range
[1112/161401:WARNING:in_range_cast.h(38)] value 1458344443532 out of range
[1112/161401:WARNING:in_range_cast.h(38)] value 1458344440086 out of range
[1112/161401:WARNING:in_range_cast.h(38)] value 1458344440298 out of range
[1112/161401:WARNING:in_range_cast.h(38)] value 1458344441532 out of range
[1112/161402:ERROR:process_info.cc(608)] range at 0x25ad426e00000000, size 0x219 fully unreadable
[1112/161402:ERROR:process_info.cc(608)] range at 0x25ad428e00000000, size 0x219 fully unreadable
[1112/161402:ERROR:process_info.cc(608)] range at 0x0, size 0x219 fully unreadable
[1112/161402:WARNING:in_range_cast.h(38)] value 2307030529798 out of range
[1112/161402:WARNING:in_range_cast.h(38)] value 2307030531384 out of range
[1112/161402:WARNING:in_range_cast.h(38)] value 2307030531724 out of range
[1112/161402:WARNING:in_range_cast.h(38)] value 2307030528278 out of range
[1112/161402:WARNING:in_range_cast.h(38)] value 2307030528490 out of range
[1112/161402:WARNING:in_range_cast.h(38)] value 2307030529724 out of range
[1112/214637:ERROR:process_info.cc(608)] range at 0x3885405200000000, size 0x164 fully unreadable
[1112/214637:ERROR:process_info.cc(608)] range at 0x3885407200000000, size 0x164 fully unreadable
[1112/214637:ERROR:process_info.cc(608)] range at 0x0, size 0x164 fully unreadable
[1112/214637:WARNING:in_range_cast.h(38)] value 1529957615884 out of range
[1112/214637:WARNING:in_range_cast.h(38)] value 1529957617470 out of range
[1112/214637:WARNING:in_range_cast.h(38)] value 1529957617810 out of range
[1112/214637:WARNING:in_range_cast.h(38)] value 1529957614726 out of range
[1112/214637:WARNING:in_range_cast.h(38)] value 1529957614936 out of range
[1112/214637:WARNING:in_range_cast.h(38)] value 1529957615810 out of range
[1112/214637:ERROR:process_info.cc(608)] range at 0x8d4b41b000000000, size 0x21b fully unreadable
[1112/214637:ERROR:process_info.cc(608)] range at 0x8d4b41d000000000, size 0x21b fully unreadable
[1112/214637:ERROR:process_info.cc(608)] range at 0x0, size 0x21b fully unreadable
[1112/214638:WARNING:in_range_cast.h(38)] value 2317358881404 out of range
[1112/214638:WARNING:in_range_cast.h(38)] value 2317358882990 out of range
[1112/214638:WARNING:in_range_cast.h(38)] value 2317358883330 out of range
[1112/214638:WARNING:in_range_cast.h(38)] value 2317358880070 out of range
[1112/214638:WARNING:in_range_cast.h(38)] value 2317358880280 out of range
[1112/214638:WARNING:in_range_cast.h(38)] value 2317358881330 out of range
[1112/214638:ERROR:process_info.cc(608)] range at 0x431c41b000000000, size 0x13d fully unreadable
[1112/214638:ERROR:process_info.cc(608)] range at 0x431c41d000000000, size 0x13d fully unreadable
[1112/214638:ERROR:process_info.cc(608)] range at 0x0, size 0x13d fully unreadable
[1112/214638:WARNING:in_range_cast.h(38)] value 1362671208204 out of range
[1112/214638:WARNING:in_range_cast.h(38)] value 1362671209790 out of range
[1112/214638:WARNING:in_range_cast.h(38)] value 1362671210130 out of range
[1112/214638:WARNING:in_range_cast.h(38)] value 1362671206870 out of range
[1112/214638:WARNING:in_range_cast.h(38)] value 1362671207080 out of range
[1112/214638:WARNING:in_range_cast.h(38)] value 1362671208130 out of range
[1113/004843:ERROR:process_info.cc(608)] range at 0xd8f4415000000000, size 0x213 fully unreadable
[1113/004843:ERROR:process_info.cc(608)] range at 0xd8f4417000000000, size 0x213 fully unreadable
[1113/004843:ERROR:process_info.cc(608)] range at 0x0, size 0x213 fully unreadable
[1113/004843:WARNING:in_range_cast.h(38)] value 2284268524162 out of range
[1113/004843:WARNING:in_range_cast.h(38)] value 2284268525748 out of range
[1113/004843:WARNING:in_range_cast.h(38)] value 2284268526088 out of range
[1113/004843:WARNING:in_range_cast.h(38)] value 2284268522822 out of range
[1113/004843:WARNING:in_range_cast.h(38)] value 2284268523032 out of range
[1113/004843:WARNING:in_range_cast.h(38)] value 2284268524088 out of range
[1113/004844:ERROR:process_info.cc(608)] range at 0x1efc42ae00000000, size 0x1df fully unreadable
[1113/004844:ERROR:process_info.cc(608)] range at 0x1efc42ce00000000, size 0x1df fully unreadable
[1113/004844:ERROR:process_info.cc(608)] range at 0x0, size 0x1df fully unreadable
[1113/004844:WARNING:in_range_cast.h(38)] value 2057810180802 out of range
[1113/004844:WARNING:in_range_cast.h(38)] value 2057810182388 out of range
[1113/004844:WARNING:in_range_cast.h(38)] value 2057810182728 out of range
[1113/004844:WARNING:in_range_cast.h(38)] value 2057810179286 out of range
[1113/004844:WARNING:in_range_cast.h(38)] value 2057810179496 out of range
[1113/004844:WARNING:in_range_cast.h(38)] value 2057810180728 out of range
[1113/004844:ERROR:process_info.cc(608)] range at 0xe1db42ae00000000, size 0x2a5 fully unreadable
[1113/004844:ERROR:process_info.cc(608)] range at 0xe1db42ce00000000, size 0x2a5 fully unreadable
[1113/004844:ERROR:process_info.cc(608)] range at 0x0, size 0x2a5 fully unreadable
[1113/004844:WARNING:in_range_cast.h(38)] value 2911483099842 out of range
[1113/004844:WARNING:in_range_cast.h(38)] value 2911483101428 out of range
[1113/004844:WARNING:in_range_cast.h(38)] value 2911483101768 out of range
[1113/004844:WARNING:in_range_cast.h(38)] value 2911483098326 out of range
[1113/004844:WARNING:in_range_cast.h(38)] value 2911483098536 out of range
[1113/004844:WARNING:in_range_cast.h(38)] value 2911483099768 out of range
[1113/123128:ERROR:process_info.cc(608)] range at 0x5a8406200000000, size 0x21c fully unreadable
[1113/123128:ERROR:process_info.cc(608)] range at 0x5a8408200000000, size 0x21c fully unreadable
[1113/123128:ERROR:process_info.cc(608)] range at 0x0, size 0x21c fully unreadable
[1113/123128:WARNING:in_range_cast.h(38)] value 2319378237822 out of range
[1113/123128:WARNING:in_range_cast.h(38)] value 2319378239408 out of range
[1113/123128:WARNING:in_range_cast.h(38)] value 2319378239748 out of range
[1113/123128:WARNING:in_range_cast.h(38)] value 2319378236662 out of range
[1113/123128:WARNING:in_range_cast.h(38)] value 2319378236872 out of range
[1113/123128:WARNING:in_range_cast.h(38)] value 2319378237748 out of range
[1113/123129:ERROR:process_info.cc(608)] range at 0x86e641be00000000, size 0x1d9 fully unreadable
[1113/123129:ERROR:process_info.cc(608)] range at 0x86e641de00000000, size 0x1d9 fully unreadable
[1113/123129:ERROR:process_info.cc(608)] range at 0x0, size 0x1d9 fully unreadable
[1113/123129:WARNING:in_range_cast.h(38)] value 2033783769518 out of range
[1113/123129:WARNING:in_range_cast.h(38)] value 2033783771104 out of range
[1113/123129:WARNING:in_range_cast.h(38)] value 2033783771444 out of range
[1113/123129:WARNING:in_range_cast.h(38)] value 2033783768182 out of range
[1113/123129:WARNING:in_range_cast.h(38)] value 2033783768392 out of range
[1113/123129:WARNING:in_range_cast.h(38)] value 2033783769444 out of range
[1113/123129:ERROR:process_info.cc(608)] range at 0xcea341be00000000, size 0x1d4 fully unreadable
[1113/123129:ERROR:process_info.cc(608)] range at 0xcea341de00000000, size 0x1d4 fully unreadable
[1113/123129:ERROR:process_info.cc(608)] range at 0x0, size 0x1d4 fully unreadable
[1113/123129:WARNING:in_range_cast.h(38)] value 2013512501678 out of range
[1113/123129:WARNING:in_range_cast.h(38)] value 2013512503264 out of range
[1113/123129:WARNING:in_range_cast.h(38)] value 2013512503604 out of range
[1113/123129:WARNING:in_range_cast.h(38)] value 2013512500342 out of range
[1113/123129:WARNING:in_range_cast.h(38)] value 2013512500552 out of range
[1113/123129:WARNING:in_range_cast.h(38)] value 2013512501604 out of range
[1113/144219:ERROR:process_info.cc(608)] range at 0xa502407200000000, size 0x26e fully unreadable
[1113/144219:ERROR:process_info.cc(608)] range at 0xa502409200000000, size 0x26e fully unreadable
[1113/144219:ERROR:process_info.cc(608)] range at 0x0, size 0x26e fully unreadable
[1113/144219:WARNING:in_range_cast.h(38)] value 2674239044288 out of range
[1113/144219:WARNING:in_range_cast.h(38)] value 2674239045874 out of range
[1113/144219:WARNING:in_range_cast.h(38)] value 2674239046214 out of range
[1113/144219:WARNING:in_range_cast.h(38)] value 2674239043126 out of range
[1113/144219:WARNING:in_range_cast.h(38)] value 2674239043338 out of range
[1113/144219:WARNING:in_range_cast.h(38)] value 2674239044214 out of range
[1113/144219:ERROR:process_info.cc(608)] range at 0xf09a428200000000, size 0x207 fully unreadable
[1113/144219:ERROR:process_info.cc(608)] range at 0xf09a42a200000000, size 0x207 fully unreadable
[1113/144219:ERROR:process_info.cc(608)] range at 0x0, size 0x207 fully unreadable
[1113/144219:WARNING:in_range_cast.h(38)] value 2233125660020 out of range
[1113/144219:WARNING:in_range_cast.h(38)] value 2233125661606 out of range
[1113/144219:WARNING:in_range_cast.h(38)] value 2233125661946 out of range
[1113/144219:WARNING:in_range_cast.h(38)] value 2233125658502 out of range
[1113/144219:WARNING:in_range_cast.h(38)] value 2233125658714 out of range
[1113/144219:WARNING:in_range_cast.h(38)] value 2233125659946 out of range
[1113/144219:ERROR:process_info.cc(608)] range at 0x3902428200000000, size 0x285 fully unreadable
[1113/144219:ERROR:process_info.cc(608)] range at 0x390242a200000000, size 0x285 fully unreadable
[1113/144219:ERROR:process_info.cc(608)] range at 0x0, size 0x285 fully unreadable
[1113/144219:WARNING:in_range_cast.h(38)] value 2771211347316 out of range
[1113/144219:WARNING:in_range_cast.h(38)] value 2771211348902 out of range
[1113/144219:WARNING:in_range_cast.h(38)] value 2771211349242 out of range
[1113/144219:WARNING:in_range_cast.h(38)] value 2771211345798 out of range
[1113/144219:WARNING:in_range_cast.h(38)] value 2771211346010 out of range
[1113/144219:WARNING:in_range_cast.h(38)] value 2771211347242 out of range
[1113/171037:ERROR:process_info.cc(608)] range at 0xa71b411200000000, size 0x269 fully unreadable
[1113/171037:ERROR:process_info.cc(608)] range at 0xa71b413200000000, size 0x269 fully unreadable
[1113/171037:ERROR:process_info.cc(608)] range at 0x0, size 0x269 fully unreadable
[1113/171037:WARNING:in_range_cast.h(38)] value 2652799403444 out of range
[1113/171037:WARNING:in_range_cast.h(38)] value 2652799405030 out of range
[1113/171037:WARNING:in_range_cast.h(38)] value 2652799405370 out of range
[1113/171037:WARNING:in_range_cast.h(38)] value 2652799402102 out of range
[1113/171037:WARNING:in_range_cast.h(38)] value 2652799402314 out of range
[1113/171037:WARNING:in_range_cast.h(38)] value 2652799403370 out of range
[1113/171250:ERROR:process_info.cc(608)] range at 0xec2e427000000000, size 0x196 fully unreadable
[1113/171250:ERROR:process_info.cc(608)] range at 0xec2e429000000000, size 0x196 fully unreadable
[1113/171250:ERROR:process_info.cc(608)] range at 0x0, size 0x196 fully unreadable
[1113/171250:WARNING:in_range_cast.h(38)] value 1747720153188 out of range
[1113/171250:WARNING:in_range_cast.h(38)] value 1747720154774 out of range
[1113/171250:WARNING:in_range_cast.h(38)] value 1747720155114 out of range
[1113/171250:WARNING:in_range_cast.h(38)] value 1747720151670 out of range
[1113/171250:WARNING:in_range_cast.h(38)] value 1747720151882 out of range
[1113/171250:WARNING:in_range_cast.h(38)] value 1747720153114 out of range
[1113/171250:ERROR:process_info.cc(608)] range at 0x7d1c427000000000, size 0x205 fully unreadable
[1113/171250:ERROR:process_info.cc(608)] range at 0x7d1c429000000000, size 0x205 fully unreadable
[1113/171250:ERROR:process_info.cc(608)] range at 0x0, size 0x205 fully unreadable
[1113/171250:WARNING:in_range_cast.h(38)] value 2222598076452 out of range
[1113/171250:WARNING:in_range_cast.h(38)] value 2222598078038 out of range
[1113/171250:WARNING:in_range_cast.h(38)] value 2222598078378 out of range
[1113/171250:WARNING:in_range_cast.h(38)] value 2222598074934 out of range
[1113/171250:WARNING:in_range_cast.h(38)] value 2222598075146 out of range
[1113/171250:WARNING:in_range_cast.h(38)] value 2222598076378 out of range
[1114/151555:ERROR:process_info.cc(608)] range at 0x47f8411200000000, size 0x228 fully unreadable
[1114/151555:ERROR:process_info.cc(608)] range at 0x47f8413200000000, size 0x228 fully unreadable
[1114/151555:ERROR:process_info.cc(608)] range at 0x0, size 0x228 fully unreadable
[1114/151555:WARNING:in_range_cast.h(38)] value 2372030397840 out of range
[1114/151555:WARNING:in_range_cast.h(38)] value 2372030399426 out of range
[1114/151555:WARNING:in_range_cast.h(38)] value 2372030399766 out of range
[1114/151555:WARNING:in_range_cast.h(38)] value 2372030396502 out of range
[1114/151555:WARNING:in_range_cast.h(38)] value 2372030396712 out of range
[1114/151555:WARNING:in_range_cast.h(38)] value 2372030397766 out of range
[1114/151555:ERROR:process_info.cc(608)] range at 0xfd7e426a00000000, size 0x13e fully unreadable
[1114/151555:ERROR:process_info.cc(608)] range at 0xfd7e428a00000000, size 0x13e fully unreadable
[1114/151555:ERROR:process_info.cc(608)] range at 0x0, size 0x13e fully unreadable
[1114/151555:WARNING:in_range_cast.h(38)] value 1370053504976 out of range
[1114/151555:WARNING:in_range_cast.h(38)] value 1370053506562 out of range
[1114/151555:WARNING:in_range_cast.h(38)] value 1370053506902 out of range
[1114/151555:WARNING:in_range_cast.h(38)] value 1370053503462 out of range
[1114/151555:WARNING:in_range_cast.h(38)] value 1370053503672 out of range
[1114/151555:WARNING:in_range_cast.h(38)] value 1370053504902 out of range
[1114/151556:ERROR:process_info.cc(608)] range at 0x9cb7426a00000000, size 0x1b5 fully unreadable
[1114/151556:ERROR:process_info.cc(608)] range at 0x9cb7428a00000000, size 0x1b5 fully unreadable
[1114/151556:ERROR:process_info.cc(608)] range at 0x0, size 0x1b5 fully unreadable
[1114/151556:WARNING:in_range_cast.h(38)] value 1879530957840 out of range
[1114/151556:WARNING:in_range_cast.h(38)] value 1879530959426 out of range
[1114/151556:WARNING:in_range_cast.h(38)] value 1879530959766 out of range
[1114/151556:WARNING:in_range_cast.h(38)] value 1879530956326 out of range
[1114/151556:WARNING:in_range_cast.h(38)] value 1879530956536 out of range
[1114/151556:WARNING:in_range_cast.h(38)] value 1879530957766 out of range
[1115/180853:ERROR:process_info.cc(608)] range at 0xe795411200000000, size 0x253 fully unreadable
[1115/180853:ERROR:process_info.cc(608)] range at 0xe795413200000000, size 0x253 fully unreadable
[1115/180853:ERROR:process_info.cc(608)] range at 0x0, size 0x253 fully unreadable
[1115/180854:WARNING:in_range_cast.h(38)] value 2559391858066 out of range
[1115/180854:WARNING:in_range_cast.h(38)] value 2559391859652 out of range
[1115/180854:WARNING:in_range_cast.h(38)] value 2559391859992 out of range
[1115/180854:WARNING:in_range_cast.h(38)] value 2559391856726 out of range
[1115/180854:WARNING:in_range_cast.h(38)] value 2559391856936 out of range
[1115/180854:WARNING:in_range_cast.h(38)] value 2559391857992 out of range
[1115/180854:ERROR:process_info.cc(608)] range at 0xa7d3426e00000000, size 0x18e fully unreadable
[1115/180854:ERROR:process_info.cc(608)] range at 0xa7d3428e00000000, size 0x18e fully unreadable
[1115/180854:ERROR:process_info.cc(608)] range at 0x0, size 0x18e fully unreadable
[1115/180855:WARNING:in_range_cast.h(38)] value 1712213603570 out of range
[1115/180855:WARNING:in_range_cast.h(38)] value 1712213605156 out of range
[1115/180855:WARNING:in_range_cast.h(38)] value 1712213605496 out of range
[1115/180855:WARNING:in_range_cast.h(38)] value 1712213602054 out of range
[1115/180855:WARNING:in_range_cast.h(38)] value 1712213602264 out of range
[1115/180855:WARNING:in_range_cast.h(38)] value 1712213603496 out of range
[1115/180855:ERROR:process_info.cc(608)] range at 0x35c0426e00000000, size 0x20a fully unreadable
[1115/180855:ERROR:process_info.cc(608)] range at 0x35c0428e00000000, size 0x20a fully unreadable
[1115/180855:ERROR:process_info.cc(608)] range at 0x0, size 0x20a fully unreadable
[1115/180855:WARNING:in_range_cast.h(38)] value 2242875700466 out of range
[1115/180855:WARNING:in_range_cast.h(38)] value 2242875702052 out of range
[1115/180855:WARNING:in_range_cast.h(38)] value 2242875702392 out of range
[1115/180855:WARNING:in_range_cast.h(38)] value 2242875698950 out of range
[1115/180855:WARNING:in_range_cast.h(38)] value 2242875699160 out of range
[1115/180855:WARNING:in_range_cast.h(38)] value 2242875700392 out of range
[1115/195535:ERROR:file_io.cc(30)] read: expected 36, observed 0
[1116/160207:ERROR:process_info.cc(608)] range at 0xc5e03fa600000000, size 0x2a2 fully unreadable
[1116/160207:ERROR:process_info.cc(608)] range at 0xc5e03fc600000000, size 0x2a2 fully unreadable
[1116/160207:ERROR:process_info.cc(608)] range at 0x0, size 0x2a2 fully unreadable
[1116/160208:WARNING:in_range_cast.h(38)] value 2898128749810 out of range
[1116/160208:WARNING:in_range_cast.h(38)] value 2898128751494 out of range
[1116/160208:WARNING:in_range_cast.h(38)] value 2898128751834 out of range
[1116/160208:WARNING:in_range_cast.h(38)] value 2898128748646 out of range
[1116/160208:WARNING:in_range_cast.h(38)] value 2898128748856 out of range
[1116/160208:WARNING:in_range_cast.h(38)] value 2898128749736 out of range
[1116/160208:ERROR:process_info.cc(608)] range at 0x6d44413400000000, size 0x2cf fully unreadable
[1116/160208:ERROR:process_info.cc(608)] range at 0x6d44415400000000, size 0x2cf fully unreadable
[1116/160208:ERROR:process_info.cc(608)] range at 0x0, size 0x2cf fully unreadable
[1116/160208:WARNING:in_range_cast.h(38)] value 3089915671370 out of range
[1116/160208:WARNING:in_range_cast.h(38)] value 3089915673054 out of range
[1116/160208:WARNING:in_range_cast.h(38)] value 3089915673394 out of range
[1116/160208:WARNING:in_range_cast.h(38)] value 3089915669974 out of range
[1116/160208:WARNING:in_range_cast.h(38)] value 3089915670184 out of range
[1116/160208:WARNING:in_range_cast.h(38)] value 3089915671296 out of range
[1116/160209:ERROR:process_info.cc(608)] range at 0x959a413400000000, size 0x180 fully unreadable
[1116/160209:ERROR:process_info.cc(608)] range at 0x959a415400000000, size 0x180 fully unreadable
[1116/160209:ERROR:process_info.cc(608)] range at 0x0, size 0x180 fully unreadable
[1116/160209:WARNING:in_range_cast.h(38)] value 1651778351946 out of range
[1116/160209:WARNING:in_range_cast.h(38)] value 1651778353630 out of range
[1116/160209:WARNING:in_range_cast.h(38)] value 1651778353970 out of range
[1116/160209:WARNING:in_range_cast.h(38)] value 1651778350550 out of range
[1116/160209:WARNING:in_range_cast.h(38)] value 1651778350760 out of range
[1116/160209:WARNING:in_range_cast.h(38)] value 1651778351872 out of range
[1116/160551:ERROR:process_info.cc(608)] range at 0xde35411200000000, size 0x179 fully unreadable
[1116/160551:ERROR:process_info.cc(608)] range at 0xde35413200000000, size 0x179 fully unreadable
[1116/160551:ERROR:process_info.cc(608)] range at 0x0, size 0x179 fully unreadable
[1116/160551:WARNING:in_range_cast.h(38)] value 1622931701140 out of range
[1116/160551:WARNING:in_range_cast.h(38)] value 1622931702726 out of range
[1116/160551:WARNING:in_range_cast.h(38)] value 1622931703066 out of range
[1116/160551:WARNING:in_range_cast.h(38)] value 1622931699798 out of range
[1116/160551:WARNING:in_range_cast.h(38)] value 1622931700008 out of range
[1116/160551:WARNING:in_range_cast.h(38)] value 1622931701066 out of range
[1116/160552:ERROR:process_info.cc(608)] range at 0xb3a0426c00000000, size 0x23c fully unreadable
[1116/160552:ERROR:process_info.cc(608)] range at 0xb3a0428c00000000, size 0x23c fully unreadable
[1116/160552:ERROR:process_info.cc(608)] range at 0x0, size 0x23c fully unreadable
[1116/160552:WARNING:in_range_cast.h(38)] value 2459735911444 out of range
[1116/160552:WARNING:in_range_cast.h(38)] value 2459735913030 out of range
[1116/160552:WARNING:in_range_cast.h(38)] value 2459735913370 out of range
[1116/160552:WARNING:in_range_cast.h(38)] value 2459735909926 out of range
[1116/160552:WARNING:in_range_cast.h(38)] value 2459735910136 out of range
[1116/160552:WARNING:in_range_cast.h(38)] value 2459735911370 out of range
[1116/160552:ERROR:process_info.cc(608)] range at 0x585b426c00000000, size 0x153 fully unreadable
[1116/160552:ERROR:process_info.cc(608)] range at 0x585b428c00000000, size 0x153 fully unreadable
[1116/160552:ERROR:process_info.cc(608)] range at 0x0, size 0x153 fully unreadable
[1116/160552:WARNING:in_range_cast.h(38)] value 1457477282836 out of range
[1116/160552:WARNING:in_range_cast.h(38)] value 1457477284422 out of range
[1116/160552:WARNING:in_range_cast.h(38)] value 1457477284762 out of range
[1116/160552:WARNING:in_range_cast.h(38)] value 1457477281318 out of range
[1116/160552:WARNING:in_range_cast.h(38)] value 1457477281528 out of range
[1116/160552:WARNING:in_range_cast.h(38)] value 1457477282762 out of range
[1116/184518:ERROR:process_info.cc(608)] range at 0x8bb3411200000000, size 0x24a fully unreadable
[1116/184518:ERROR:process_info.cc(608)] range at 0x8bb3413200000000, size 0x24a fully unreadable
[1116/184518:ERROR:process_info.cc(608)] range at 0x0, size 0x24a fully unreadable
[1116/184518:WARNING:in_range_cast.h(38)] value 2519195614100 out of range
[1116/184518:WARNING:in_range_cast.h(38)] value 2519195615686 out of range
[1116/184518:WARNING:in_range_cast.h(38)] value 2519195616026 out of range
[1116/184518:WARNING:in_range_cast.h(38)] value 2519195612758 out of range
[1116/184518:WARNING:in_range_cast.h(38)] value 2519195612968 out of range
[1116/184518:WARNING:in_range_cast.h(38)] value 2519195614026 out of range
[1116/184519:ERROR:process_info.cc(608)] range at 0x40f5427000000000, size 0x249 fully unreadable
[1116/184519:ERROR:process_info.cc(608)] range at 0x40f5429000000000, size 0x249 fully unreadable
[1116/184519:ERROR:process_info.cc(608)] range at 0x0, size 0x249 fully unreadable
[1116/184519:WARNING:in_range_cast.h(38)] value 2513646667172 out of range
[1116/184519:WARNING:in_range_cast.h(38)] value 2513646668758 out of range
[1116/184519:WARNING:in_range_cast.h(38)] value 2513646669098 out of range
[1116/184519:WARNING:in_range_cast.h(38)] value 2513646665654 out of range
[1116/184519:WARNING:in_range_cast.h(38)] value 2513646665864 out of range
[1116/184519:WARNING:in_range_cast.h(38)] value 2513646667098 out of range
[1116/184519:ERROR:process_info.cc(608)] range at 0xbc32427000000000, size 0x1cc fully unreadable
[1116/184519:ERROR:process_info.cc(608)] range at 0xbc32429000000000, size 0x1cc fully unreadable
[1116/184519:ERROR:process_info.cc(608)] range at 0x0, size 0x1cc fully unreadable
[1116/184519:WARNING:in_range_cast.h(38)] value 1978843358980 out of range
[1116/184519:WARNING:in_range_cast.h(38)] value 1978843360566 out of range
[1116/184519:WARNING:in_range_cast.h(38)] value 1978843360906 out of range
[1116/184519:WARNING:in_range_cast.h(38)] value 1978843357462 out of range
[1116/184519:WARNING:in_range_cast.h(38)] value 1978843357672 out of range
[1116/184519:WARNING:in_range_cast.h(38)] value 1978843358906 out of range
[1117/000627:ERROR:process_info.cc(608)] range at 0x4d34411200000000, size 0x205 fully unreadable
[1117/000627:ERROR:process_info.cc(608)] range at 0x4d34413200000000, size 0x205 fully unreadable
[1117/000627:ERROR:process_info.cc(608)] range at 0x0, size 0x205 fully unreadable
[1117/000627:WARNING:in_range_cast.h(38)] value 2221794363508 out of range
[1117/000627:WARNING:in_range_cast.h(38)] value 2221794365094 out of range
[1117/000627:WARNING:in_range_cast.h(38)] value 2221794365434 out of range
[1117/000627:WARNING:in_range_cast.h(38)] value 2221794362166 out of range
[1117/000627:WARNING:in_range_cast.h(38)] value 2221794362376 out of range
[1117/000627:WARNING:in_range_cast.h(38)] value 2221794363434 out of range
[1117/000628:ERROR:process_info.cc(608)] range at 0xf5d5426e00000000, size 0x29d fully unreadable
[1117/000628:ERROR:process_info.cc(608)] range at 0xf5d5428e00000000, size 0x29d fully unreadable
[1117/000628:ERROR:process_info.cc(608)] range at 0x0, size 0x29d fully unreadable
[1117/000628:WARNING:in_range_cast.h(38)] value 2877458494996 out of range
[1117/000628:WARNING:in_range_cast.h(38)] value 2877458496582 out of range
[1117/000628:WARNING:in_range_cast.h(38)] value 2877458496922 out of range
[1117/000628:WARNING:in_range_cast.h(38)] value 2877458493478 out of range
[1117/000628:WARNING:in_range_cast.h(38)] value 2877458493688 out of range
[1117/000628:WARNING:in_range_cast.h(38)] value 2877458494922 out of range
[1117/000628:ERROR:process_info.cc(608)] range at 0x343f426e00000000, size 0x1a6 fully unreadable
[1117/000628:ERROR:process_info.cc(608)] range at 0x343f428e00000000, size 0x1a6 fully unreadable
[1117/000628:ERROR:process_info.cc(608)] range at 0x0, size 0x1a6 fully unreadable
[1117/000628:WARNING:in_range_cast.h(38)] value 1813353739796 out of range
[1117/000628:WARNING:in_range_cast.h(38)] value 1813353741382 out of range
[1117/000628:WARNING:in_range_cast.h(38)] value 1813353741722 out of range
[1117/000628:WARNING:in_range_cast.h(38)] value 1813353738278 out of range
[1117/000628:WARNING:in_range_cast.h(38)] value 1813353738488 out of range
[1117/000628:WARNING:in_range_cast.h(38)] value 1813353739722 out of range
[1117/001242:ERROR:process_info.cc(608)] range at 0xc361405600000000, size 0x207 fully unreadable
[1117/001242:ERROR:process_info.cc(608)] range at 0xc361407600000000, size 0x207 fully unreadable
[1117/001242:ERROR:process_info.cc(608)] range at 0x0, size 0x207 fully unreadable
[1117/001243:WARNING:in_range_cast.h(38)] value 2232366937398 out of range
[1117/001243:WARNING:in_range_cast.h(38)] value 2232366939082 out of range
[1117/001243:WARNING:in_range_cast.h(38)] value 2232366939422 out of range
[1117/001243:WARNING:in_range_cast.h(38)] value 2232366936054 out of range
[1117/001243:WARNING:in_range_cast.h(38)] value 2232366936266 out of range
[1117/001243:WARNING:in_range_cast.h(38)] value 2232366937324 out of range
[1117/001243:ERROR:process_info.cc(608)] range at 0x52fb41f400000000, size 0x245 fully unreadable
[1117/001243:ERROR:process_info.cc(608)] range at 0x52fb421400000000, size 0x245 fully unreadable
[1117/001243:ERROR:process_info.cc(608)] range at 0x0, size 0x245 fully unreadable
[1117/001243:WARNING:in_range_cast.h(38)] value 2496769192926 out of range
[1117/001243:WARNING:in_range_cast.h(38)] value 2496769194610 out of range
[1117/001243:WARNING:in_range_cast.h(38)] value 2496769194950 out of range
[1117/001243:WARNING:in_range_cast.h(38)] value 2496769191350 out of range
[1117/001243:WARNING:in_range_cast.h(38)] value 2496769191562 out of range
[1117/001243:WARNING:in_range_cast.h(38)] value 2496769192852 out of range
[1117/001244:ERROR:process_info.cc(608)] range at 0x99d041f400000000, size 0x248 fully unreadable
[1117/001244:ERROR:process_info.cc(608)] range at 0x99d0421400000000, size 0x248 fully unreadable
[1117/001244:ERROR:process_info.cc(608)] range at 0x0, size 0x248 fully unreadable
[1117/001244:WARNING:in_range_cast.h(38)] value 2510842459102 out of range
[1117/001244:WARNING:in_range_cast.h(38)] value 2510842460786 out of range
[1117/001244:WARNING:in_range_cast.h(38)] value 2510842461126 out of range
[1117/001244:WARNING:in_range_cast.h(38)] value 2510842457526 out of range
[1117/001244:WARNING:in_range_cast.h(38)] value 2510842457738 out of range
[1117/001244:WARNING:in_range_cast.h(38)] value 2510842459028 out of range
[1122/141328:ERROR:process_info.cc(608)] range at 0xf63d411200000000, size 0x218 fully unreadable
[1122/141328:ERROR:process_info.cc(608)] range at 0xf63d413200000000, size 0x218 fully unreadable
[1122/141328:ERROR:process_info.cc(608)] range at 0x0, size 0x218 fully unreadable
[1122/141328:WARNING:in_range_cast.h(38)] value 2306234678164 out of range
[1122/141328:WARNING:in_range_cast.h(38)] value 2306234679750 out of range
[1122/141328:WARNING:in_range_cast.h(38)] value 2306234680090 out of range
[1122/141328:WARNING:in_range_cast.h(38)] value 2306234676822 out of range
[1122/141328:WARNING:in_range_cast.h(38)] value 2306234677032 out of range
[1122/141328:WARNING:in_range_cast.h(38)] value 2306234678090 out of range
[1122/141328:ERROR:http_transport_win.cc(50)] WinHttpSendRequest: Ќе удаетс€ разрешить им€ или адрес сервера  (0x2EE7)
[1122/141328:ERROR:process_info.cc(608)] range at 0x725e426800000000, size 0x136 fully unreadable
[1122/141328:ERROR:process_info.cc(608)] range at 0x725e428800000000, size 0x136 fully unreadable
[1122/141328:ERROR:process_info.cc(608)] range at 0x0, size 0x136 fully unreadable
[1122/141328:WARNING:in_range_cast.h(38)] value 1333359638244 out of range
[1122/141328:WARNING:in_range_cast.h(38)] value 1333359639830 out of range
[1122/141328:WARNING:in_range_cast.h(38)] value 1333359640170 out of range
[1122/141328:WARNING:in_range_cast.h(38)] value 1333359636726 out of range
[1122/141328:WARNING:in_range_cast.h(38)] value 1333359636936 out of range
[1122/141328:WARNING:in_range_cast.h(38)] value 1333359638170 out of range
[1122/141328:ERROR:process_info.cc(608)] range at 0x4a2f426800000000, size 0x22f fully unreadable
[1122/141328:ERROR:process_info.cc(608)] range at 0x4a2f428800000000, size 0x22f fully unreadable
[1122/141328:ERROR:process_info.cc(608)] range at 0x0, size 0x22f fully unreadable
[1122/141328:WARNING:in_range_cast.h(38)] value 2402132325732 out of range
[1122/141328:WARNING:in_range_cast.h(38)] value 2402132327318 out of range
[1122/141328:WARNING:in_range_cast.h(38)] value 2402132327658 out of range
[1122/141328:WARNING:in_range_cast.h(38)] value 2402132324214 out of range
[1122/141328:WARNING:in_range_cast.h(38)] value 2402132324424 out of range
[1122/141328:WARNING:in_range_cast.h(38)] value 2402132325658 out of range
[1122/143649:ERROR:process_info.cc(608)] range at 0xa3cd411200000000, size 0x21c fully unreadable
[1122/143649:ERROR:process_info.cc(608)] range at 0xa3cd413200000000, size 0x21c fully unreadable
[1122/143649:ERROR:process_info.cc(608)] range at 0x0, size 0x21c fully unreadable
[1122/143649:WARNING:in_range_cast.h(38)] value 2322031475604 out of range
[1122/143649:WARNING:in_range_cast.h(38)] value 2322031477190 out of range
[1122/143649:WARNING:in_range_cast.h(38)] value 2322031477530 out of range
[1122/143649:WARNING:in_range_cast.h(38)] value 2322031474262 out of range
[1122/143649:WARNING:in_range_cast.h(38)] value 2322031474472 out of range
[1122/143649:WARNING:in_range_cast.h(38)] value 2322031475530 out of range
[1122/143649:ERROR:process_info.cc(608)] range at 0x9564426e00000000, size 0x2dd fully unreadable
[1122/143649:ERROR:process_info.cc(608)] range at 0x9564428e00000000, size 0x2dd fully unreadable
[1122/143649:ERROR:process_info.cc(608)] range at 0x0, size 0x2dd fully unreadable
[1122/143649:WARNING:in_range_cast.h(38)] value 3150718383348 out of range
[1122/143649:WARNING:in_range_cast.h(38)] value 3150718384934 out of range
[1122/143649:WARNING:in_range_cast.h(38)] value 3150718385274 out of range
[1122/143649:WARNING:in_range_cast.h(38)] value 3150718381830 out of range
[1122/143649:WARNING:in_range_cast.h(38)] value 3150718382040 out of range
[1122/143649:WARNING:in_range_cast.h(38)] value 3150718383274 out of range
[1122/143649:ERROR:process_info.cc(608)] range at 0x6eeb426e00000000, size 0x1f0 fully unreadable
[1122/143649:ERROR:process_info.cc(608)] range at 0x6eeb428e00000000, size 0x1f0 fully unreadable
[1122/143649:ERROR:process_info.cc(608)] range at 0x0, size 0x1f0 fully unreadable
[1122/143649:WARNING:in_range_cast.h(38)] value 2132165670132 out of range
[1122/143649:WARNING:in_range_cast.h(38)] value 2132165671718 out of range
[1122/143649:WARNING:in_range_cast.h(38)] value 2132165672058 out of range
[1122/143649:WARNING:in_range_cast.h(38)] value 2132165668614 out of range
[1122/143649:WARNING:in_range_cast.h(38)] value 2132165668824 out of range
[1122/143649:WARNING:in_range_cast.h(38)] value 2132165670058 out of range
[1130/165204:ERROR:process_info.cc(608)] range at 0x41a7413a00000000, size 0x154 fully unreadable
[1130/165204:ERROR:process_info.cc(608)] range at 0x41a7415a00000000, size 0x154 fully unreadable
[1130/165204:ERROR:process_info.cc(608)] range at 0x0, size 0x154 fully unreadable
[1130/165204:WARNING:in_range_cast.h(38)] value 1461391350196 out of range
[1130/165204:WARNING:in_range_cast.h(38)] value 1461391351782 out of range
[1130/165204:WARNING:in_range_cast.h(38)] value 1461391352122 out of range
[1130/165204:WARNING:in_range_cast.h(38)] value 1461391348854 out of range
[1130/165204:WARNING:in_range_cast.h(38)] value 1461391349064 out of range
[1130/165204:WARNING:in_range_cast.h(38)] value 1461391350122 out of range
[1130/165204:ERROR:process_info.cc(608)] range at 0xddee429600000000, size 0x1b7 fully unreadable
[1130/165204:ERROR:process_info.cc(608)] range at 0xddee42b600000000, size 0x1b7 fully unreadable
[1130/165204:ERROR:process_info.cc(608)] range at 0x0, size 0x1b7 fully unreadable
[1130/165204:WARNING:in_range_cast.h(38)] value 1889215027124 out of range
[1130/165204:WARNING:in_range_cast.h(38)] value 1889215028710 out of range
[1130/165204:WARNING:in_range_cast.h(38)] value 1889215029050 out of range
[1130/165204:WARNING:in_range_cast.h(38)] value 1889215025606 out of range
[1130/165204:WARNING:in_range_cast.h(38)] value 1889215025816 out of range
[1130/165204:WARNING:in_range_cast.h(38)] value 1889215027050 out of range
[1130/165204:ERROR:process_info.cc(608)] range at 0x85f7429600000000, size 0x1e9 fully unreadable
[1130/165204:ERROR:process_info.cc(608)] range at 0x85f742b600000000, size 0x1e9 fully unreadable
[1130/165204:ERROR:process_info.cc(608)] range at 0x0, size 0x1e9 fully unreadable
[1130/165204:WARNING:in_range_cast.h(38)] value 2102487565508 out of range
[1130/165204:WARNING:in_range_cast.h(38)] value 2102487567094 out of range
[1130/165204:WARNING:in_range_cast.h(38)] value 2102487567434 out of range
[1130/165204:WARNING:in_range_cast.h(38)] value 2102487563990 out of range
[1130/165204:WARNING:in_range_cast.h(38)] value 2102487564200 out of range
[1130/165204:WARNING:in_range_cast.h(38)] value 2102487565434 out of range
[1201/174337:ERROR:file_io.cc(30)] read: expected 36, observed 0
[1201/180147:ERROR:process_info.cc(608)] range at 0xc954420000000000, size 0x1d9 fully unreadable
[1201/180147:ERROR:process_info.cc(608)] range at 0xc954422000000000, size 0x1d9 fully unreadable
[1201/180147:ERROR:process_info.cc(608)] range at 0x0, size 0x1d9 fully unreadable
[1201/180147:WARNING:in_range_cast.h(38)] value 2034898277430 out of range
[1201/180147:WARNING:in_range_cast.h(38)] value 2034898279016 out of range
[1201/180147:WARNING:in_range_cast.h(38)] value 2034898279356 out of range
[1201/180147:WARNING:in_range_cast.h(38)] value 2034898276086 out of range
[1201/180147:WARNING:in_range_cast.h(38)] value 2034898276298 out of range
[1201/180147:WARNING:in_range_cast.h(38)] value 2034898277356 out of range
[1201/180149:ERROR:process_info.cc(608)] range at 0xb059436e00000000, size 0x2ad fully unreadable
[1201/180149:ERROR:process_info.cc(608)] range at 0xb059438e00000000, size 0x2ad fully unreadable
[1201/180149:ERROR:process_info.cc(608)] range at 0x0, size 0x2ad fully unreadable
[1201/180149:WARNING:in_range_cast.h(38)] value 2945012252614 out of range
[1201/180149:WARNING:in_range_cast.h(38)] value 2945012254200 out of range
[1201/180149:WARNING:in_range_cast.h(38)] value 2945012254540 out of range
[1201/180149:WARNING:in_range_cast.h(38)] value 2945012251094 out of range
[1201/180149:WARNING:in_range_cast.h(38)] value 2945012251306 out of range
[1201/180149:WARNING:in_range_cast.h(38)] value 2945012252540 out of range
[1201/180149:ERROR:process_info.cc(608)] range at 0x653d436e00000000, size 0x146 fully unreadable
[1201/180149:ERROR:process_info.cc(608)] range at 0x653d438e00000000, size 0x146 fully unreadable
[1201/180149:ERROR:process_info.cc(608)] range at 0x0, size 0x146 fully unreadable
[1201/180149:WARNING:in_range_cast.h(38)] value 1401858834054 out of range
[1201/180149:WARNING:in_range_cast.h(38)] value 1401858835640 out of range
[1201/180149:WARNING:in_range_cast.h(38)] value 1401858835980 out of range
[1201/180149:WARNING:in_range_cast.h(38)] value 1401858832534 out of range
[1201/180149:WARNING:in_range_cast.h(38)] value 1401858832746 out of range
[1201/180149:WARNING:in_range_cast.h(38)] value 1401858833980 out of range
[1201/185945:ERROR:process_info.cc(608)] range at 0x2e68421000000000, size 0x24b fully unreadable
[1201/185945:ERROR:process_info.cc(608)] range at 0x2e68423000000000, size 0x24b fully unreadable
[1201/185945:ERROR:process_info.cc(608)] range at 0x0, size 0x24b fully unreadable
[1201/185945:WARNING:in_range_cast.h(38)] value 2521925383524 out of range
[1201/185945:WARNING:in_range_cast.h(38)] value 2521925385110 out of range
[1201/185945:WARNING:in_range_cast.h(38)] value 2521925385450 out of range
[1201/185945:WARNING:in_range_cast.h(38)] value 2521925382182 out of range
[1201/185945:WARNING:in_range_cast.h(38)] value 2521925382392 out of range
[1201/185945:WARNING:in_range_cast.h(38)] value 2521925383450 out of range
[1201/185946:ERROR:process_info.cc(608)] range at 0x466d436a00000000, size 0x14c fully unreadable
[1201/185946:ERROR:process_info.cc(608)] range at 0x466d438a00000000, size 0x14c fully unreadable
[1201/185946:ERROR:process_info.cc(608)] range at 0x0, size 0x14c fully unreadable
[1201/185946:WARNING:in_range_cast.h(38)] value 1427111690068 out of range
[1201/185946:WARNING:in_range_cast.h(38)] value 1427111691654 out of range
[1201/185946:WARNING:in_range_cast.h(38)] value 1427111691994 out of range
[1201/185946:WARNING:in_range_cast.h(38)] value 1427111688550 out of range
[1201/185946:WARNING:in_range_cast.h(38)] value 1427111688760 out of range
[1201/185946:WARNING:in_range_cast.h(38)] value 1427111689994 out of range
[1201/185946:ERROR:process_info.cc(608)] range at 0xbb05436a00000000, size 0x27a fully unreadable
[1201/185946:ERROR:process_info.cc(608)] range at 0xbb05438a00000000, size 0x27a fully unreadable
[1201/185946:ERROR:process_info.cc(608)] range at 0x0, size 0x27a fully unreadable
[1201/185946:WARNING:in_range_cast.h(38)] value 2726147932388 out of range
[1201/185946:WARNING:in_range_cast.h(38)] value 2726147933974 out of range
[1201/185946:WARNING:in_range_cast.h(38)] value 2726147934314 out of range
[1201/185946:WARNING:in_range_cast.h(38)] value 2726147930870 out of range
[1201/185946:WARNING:in_range_cast.h(38)] value 2726147931080 out of range
[1201/185946:WARNING:in_range_cast.h(38)] value 2726147932314 out of range
